c:\users\shosh\source\repos\game\game\x64\debug\vc143.pdb
c:\users\shosh\source\repos\game\game\x64\debug\vc143.idb
c:\users\shosh\source\repos\game\game\x64\debug\game.obj
c:\users\shosh\source\repos\game\x64\debug\game.exe
c:\users\shosh\source\repos\game\x64\debug\game.pdb
c:\users\shosh\source\repos\game\game\x64\debug\game.ilk
d:\visualstudio\visuaulstudioprojects\game\game\x64\debug\game.obj
d:\visualstudio\visuaulstudioprojects\game\game\x64\debug\game.ilk
d:\visualstudio\visuaulstudioprojects\game\game\x64\debug\vc143.idb
d:\visualstudio\visuaulstudioprojects\game\game\x64\debug\vc143.pdb
d:\visualstudio\visuaulstudioprojects\game\x64\debug\game.pdb
d:\visualstudio\visuaulstudioprojects\game\x64\debug\game.exe
d:\visualstudio\visuaulstudioprojects\game\game\x64\debug\game.tlog\cl.command.1.tlog
d:\visualstudio\visuaulstudioprojects\game\game\x64\debug\game.tlog\cl.items.tlog
d:\visualstudio\visuaulstudioprojects\game\game\x64\debug\game.tlog\cl.read.1.tlog
d:\visualstudio\visuaulstudioprojects\game\game\x64\debug\game.tlog\cl.write.1.tlog
d:\visualstudio\visuaulstudioprojects\game\game\x64\debug\game.tlog\link.command.1.tlog
d:\visualstudio\visuaulstudioprojects\game\game\x64\debug\game.tlog\link.read.1.tlog
d:\visualstudio\visuaulstudioprojects\game\game\x64\debug\game.tlog\link.secondary.1.tlog
d:\visualstudio\visuaulstudioprojects\game\game\x64\debug\game.tlog\link.write.1.tlog
